[2014/12/03 16:08:50 CST] [DEBG] (main.(*ServerConf).PrintSelf:84) -------- PrintSelf begin --------
[2014/12/03 16:08:50 CST] [DEBG] (main.(*ServerConf).PrintSelf:85) server->MaxWorker:2
[2014/12/03 16:08:50 CST] [DEBG] (main.(*ServerConf).PrintSelf:86) server->ChannelLength:100
[2014/12/03 16:08:50 CST] [DEBG] (main.(*ServerConf).PrintSelf:87) -------- PrintSelf end --------
[2014/12/03 16:08:50 CST] [DEBG] (main.(*SmsConf).ReadSmsConf:50) -------- ReadSmsConf begin --------
[2014/12/03 16:08:50 CST] [DEBG] (main.(*SmsConf).ReadSmsConf:63) -------- ReadSmsConf end --------
[2014/12/03 16:08:50 CST] [DEBG] (main.(*SmsConf).PrintSelf:67) -------- PrintSelf begin --------
[2014/12/03 16:08:50 CST] [DEBG] (main.(*SmsConf).PrintSelf:68) sms->api: 	http://smsv2ma.boyaa.com/index.php?q=msg/send&
[2014/12/03 16:08:50 CST] [DEBG] (main.(*SmsConf).PrintSelf:69) sms->appid: 100013
[2014/12/03 16:08:50 CST] [DEBG] (main.(*SmsConf).PrintSelf:70) sms->key:  	3e38ab0c5d8637700402172a5f14aee2
[2014/12/03 16:08:50 CST] [DEBG] (main.(*SmsConf).PrintSelf:71) sms->from:  100013
[2014/12/03 16:08:50 CST] [DEBG] (main.(*SmsConf).PrintSelf:72) sms->pri:  	4
[2014/12/03 16:08:50 CST] [DEBG] (main.(*SmsConf).PrintSelf:73) -------- PrintSelf end --------
[2014/12/03 16:08:50 CST] [DEBG] (main.(*RedisConf).PrintSelf:42) --------------------
[2014/12/03 16:08:50 CST] [DEBG] (main.(*RedisConf).PrintSelf:43) redis->host: 192.168.201.65
[2014/12/03 16:08:50 CST] [DEBG] (main.(*RedisConf).PrintSelf:44) redis->port: 4510
[2014/12/03 16:08:50 CST] [DEBG] (main.(*RedisConf).PrintSelf:45) redis->key:  EXCEPTION_Q
[2014/12/03 16:08:50 CST] [DEBG] (main.(*RedisConf).PrintSelf:46) --------------------
[2014/12/03 16:08:50 CST] [DEBG] (main.main:113) JSON: {"from":"100013","to":"15814064815","msg":"longhtml","time":1417593403,"type":1}
[2014/12/03 16:08:50 CST] [DEBG] (main.(*SmsConf).Send:21) url: from=100013&msg=longhtml&pri=4&to=15814064815
[2014/12/03 16:08:50 CST] [DEBG] (main.(*SmsConf).Send:24) md5: 9d4540b58e27002a0ab4cefc67409af9
[2014/12/03 16:08:50 CST] [DEBG] (main.(*SmsConf).Send:28) url: http://smsv2ma.boyaa.com/index.php?q=msg/send&from=100013&msg=longhtml&pri=4&to=15814064815&sig=9d4540b58e27002a0ab4cefc67409af9
[2014/12/03 16:08:50 CST] [DEBG] (main.(*SmsConf).Send:39) HTTP: {"error_code":0}
[2014/12/03 16:09:00 CST] [DEBG] (main.main:113) JSON: {"from":"100013","to":"15814064815","msg":"\u8fd9\u662f\u6d4b\u8bd5\u55941417593970","time":1417593970,"type":1}
[2014/12/03 16:09:00 CST] [DEBG] (main.(*SmsConf).Send:21) url: from=100013&msg=%E8%BF%99%E6%98%AF%E6%B5%8B%E8%AF%95%E5%96%941417593970&pri=4&to=15814064815
[2014/12/03 16:09:00 CST] [DEBG] (main.(*SmsConf).Send:24) md5: 1d75cb59b186a34f9662a2a6ee0024c8
[2014/12/03 16:09:00 CST] [DEBG] (main.(*SmsConf).Send:28) url: http://smsv2ma.boyaa.com/index.php?q=msg/send&from=100013&msg=%E8%BF%99%E6%98%AF%E6%B5%8B%E8%AF%95%E5%96%941417593970&pri=4&to=15814064815&sig=1d75cb59b186a34f9662a2a6ee0024c8
[2014/12/03 16:09:00 CST] [DEBG] (main.(*SmsConf).Send:39) HTTP: {"error_code":0}
[2014/12/03 16:09:10 CST] [DEBG] (main.main:109) JSON is empty.
[2014/12/03 16:09:20 CST] [DEBG] (main.main:109) JSON is empty.
[2014/12/03 16:09:30 CST] [DEBG] (main.main:109) JSON is empty.
[2014/12/03 16:09:40 CST] [DEBG] (main.main:109) JSON is empty.
[2014/12/03 16:09:50 CST] [DEBG] (main.main:109) JSON is empty.
[2014/12/03 16:10:00 CST] [DEBG] (main.main:109) JSON is empty.
[2014/12/03 16:10:10 CST] [DEBG] (main.main:109) JSON is empty.
[2014/12/03 16:10:20 CST] [DEBG] (main.main:109) JSON is empty.
[2014/12/03 16:10:30 CST] [DEBG] (main.main:109) JSON is empty.
[2014/12/03 16:10:40 CST] [DEBG] (main.main:109) JSON is empty.
[2014/12/03 16:10:50 CST] [DEBG] (main.main:109) JSON is empty.
[2014/12/03 16:11:00 CST] [DEBG] (main.main:109) JSON is empty.
[2014/12/03 16:11:10 CST] [DEBG] (main.main:109) JSON is empty.
[2014/12/03 16:11:20 CST] [DEBG] (main.main:109) JSON is empty.
[2014/12/03 16:11:30 CST] [DEBG] (main.main:109) JSON is empty.
[2014/12/03 16:11:40 CST] [DEBG] (main.main:109) JSON is empty.
[2014/12/03 16:11:50 CST] [DEBG] (main.main:109) JSON is empty.
[2014/12/03 16:12:00 CST] [DEBG] (main.main:109) JSON is empty.
[2014/12/03 16:12:10 CST] [DEBG] (main.main:109) JSON is empty.
[2014/12/03 16:12:20 CST] [DEBG] (main.main:109) JSON is empty.
[2014/12/03 16:12:30 CST] [DEBG] (main.main:109) JSON is empty.
[2014/12/03 16:12:40 CST] [DEBG] (main.main:109) JSON is empty.
[2014/12/03 16:12:50 CST] [DEBG] (main.main:109) JSON is empty.
[2014/12/03 16:13:00 CST] [DEBG] (main.main:109) JSON is empty.
[2014/12/03 16:13:10 CST] [DEBG] (main.main:109) JSON is empty.
[2014/12/03 16:13:20 CST] [DEBG] (main.main:109) JSON is empty.
[2014/12/03 16:13:30 CST] [DEBG] (main.main:109) JSON is empty.
[2014/12/03 16:13:40 CST] [DEBG] (main.main:109) JSON is empty.
[2014/12/03 16:13:50 CST] [DEBG] (main.main:109) JSON is empty.
[2014/12/03 16:14:00 CST] [DEBG] (main.main:109) JSON is empty.
[2014/12/03 16:14:10 CST] [DEBG] (main.main:109) JSON is empty.
[2014/12/03 16:14:20 CST] [DEBG] (main.main:109) JSON is empty.
[2014/12/03 16:14:30 CST] [DEBG] (main.main:109) JSON is empty.
[2014/12/03 16:14:40 CST] [DEBG] (main.main:109) JSON is empty.
[2014/12/03 16:14:50 CST] [DEBG] (main.main:109) JSON is empty.
[2014/12/03 16:15:00 CST] [DEBG] (main.main:109) JSON is empty.
[2014/12/03 16:15:10 CST] [DEBG] (main.main:109) JSON is empty.
[2014/12/03 16:15:20 CST] [DEBG] (main.main:109) JSON is empty.
[2014/12/03 16:15:30 CST] [DEBG] (main.main:109) JSON is empty.
[2014/12/03 16:15:40 CST] [DEBG] (main.main:109) JSON is empty.
[2014/12/03 16:15:50 CST] [DEBG] (main.main:109) JSON is empty.
[2014/12/03 16:16:00 CST] [DEBG] (main.main:109) JSON is empty.
[2014/12/03 16:16:10 CST] [DEBG] (main.main:109) JSON is empty.
[2014/12/03 16:16:20 CST] [DEBG] (main.main:109) JSON is empty.
[2014/12/03 16:16:30 CST] [DEBG] (main.main:109) JSON is empty.
[2014/12/03 16:16:40 CST] [DEBG] (main.main:109) JSON is empty.
[2014/12/03 16:16:50 CST] [DEBG] (main.main:113) JSON: {"from":"100013","to":"15814064815","msg":"\u8fd9\u662f\u6d4b\u8bd5\u55941417594606","time":1417594606,"type":1}
[2014/12/03 16:16:50 CST] [DEBG] (main.(*SmsConf).Send:21) url: from=100013&msg=%E8%BF%99%E6%98%AF%E6%B5%8B%E8%AF%95%E5%96%941417594606&pri=4&to=15814064815
[2014/12/03 16:16:50 CST] [DEBG] (main.(*SmsConf).Send:24) md5: 2a9605b1f9a74a42641f232b5af259fb
[2014/12/03 16:16:50 CST] [DEBG] (main.(*SmsConf).Send:28) url: http://smsv2ma.boyaa.com/index.php?q=msg/send&from=100013&msg=%E8%BF%99%E6%98%AF%E6%B5%8B%E8%AF%95%E5%96%941417594606&pri=4&to=15814064815&sig=2a9605b1f9a74a42641f232b5af259fb
[2014/12/03 16:16:50 CST] [DEBG] (main.(*SmsConf).Send:39) HTTP: {"error_code":0}
[2014/12/03 16:17:00 CST] [DEBG] (main.main:109) JSON is empty.
[2014/12/03 16:17:10 CST] [DEBG] (main.main:109) JSON is empty.
[2014/12/03 16:17:20 CST] [DEBG] (main.main:109) JSON is empty.
[2014/12/03 16:17:30 CST] [DEBG] (main.main:109) JSON is empty.
[2014/12/03 16:17:40 CST] [DEBG] (main.main:109) JSON is empty.
[2014/12/03 16:17:50 CST] [DEBG] (main.main:109) JSON is empty.
[2014/12/03 16:18:00 CST] [DEBG] (main.main:109) JSON is empty.
[2014/12/03 16:18:10 CST] [DEBG] (main.main:109) JSON is empty.
[2014/12/03 16:18:20 CST] [DEBG] (main.main:109) JSON is empty.
[2014/12/03 16:18:30 CST] [DEBG] (main.main:109) JSON is empty.
[2014/12/03 16:18:40 CST] [DEBG] (main.main:109) JSON is empty.
[2014/12/03 16:18:50 CST] [DEBG] (main.main:109) JSON is empty.
[2014/12/03 16:19:00 CST] [DEBG] (main.main:109) JSON is empty.
[2014/12/03 16:19:10 CST] [DEBG] (main.main:109) JSON is empty.
[2014/12/03 16:19:20 CST] [DEBG] (main.main:109) JSON is empty.
[2014/12/03 16:19:30 CST] [DEBG] (main.main:109) JSON is empty.
[2014/12/03 16:19:40 CST] [DEBG] (main.main:109) JSON is empty.
[2014/12/03 16:19:50 CST] [DEBG] (main.main:113) JSON: {"from":"100013","to":"15814064815","msg":"\u8fd9\u662f\u6d4b\u8bd5\u55941417594783","time":1417594783,"type":1}
[2014/12/03 16:19:50 CST] [DEBG] (main.(*SmsConf).Send:21) url: from=100013&msg=%E8%BF%99%E6%98%AF%E6%B5%8B%E8%AF%95%E5%96%941417594783&pri=4&to=15814064815
[2014/12/03 16:19:50 CST] [DEBG] (main.(*SmsConf).Send:24) md5: 69c10e1981943448e2ca9e8ba1b0fd23
[2014/12/03 16:19:50 CST] [DEBG] (main.(*SmsConf).Send:28) url: http://smsv2ma.boyaa.com/index.php?q=msg/send&from=100013&msg=%E8%BF%99%E6%98%AF%E6%B5%8B%E8%AF%95%E5%96%941417594783&pri=4&to=15814064815&sig=69c10e1981943448e2ca9e8ba1b0fd23
[2014/12/03 16:19:50 CST] [DEBG] (main.(*SmsConf).Send:39) HTTP: {"error_code":0}
[2014/12/03 16:20:00 CST] [DEBG] (main.main:109) JSON is empty.
[2014/12/03 16:20:10 CST] [DEBG] (main.main:109) JSON is empty.
[2014/12/03 16:20:20 CST] [DEBG] (main.main:109) JSON is empty.
[2014/12/03 16:20:30 CST] [DEBG] (main.main:109) JSON is empty.
[2014/12/03 16:20:40 CST] [DEBG] (main.main:109) JSON is empty.
[2014/12/03 16:20:50 CST] [DEBG] (main.main:109) JSON is empty.
[2014/12/03 16:21:00 CST] [DEBG] (main.main:109) JSON is empty.
[2014/12/03 16:21:10 CST] [DEBG] (main.main:109) JSON is empty.
[2014/12/03 16:21:20 CST] [DEBG] (main.main:109) JSON is empty.
[2014/12/03 16:21:30 CST] [DEBG] (main.main:109) JSON is empty.
[2014/12/03 16:21:40 CST] [DEBG] (main.main:109) JSON is empty.
[2014/12/03 16:21:50 CST] [DEBG] (main.main:109) JSON is empty.
[2014/12/03 16:22:00 CST] [DEBG] (main.main:109) JSON is empty.
[2014/12/03 16:22:10 CST] [DEBG] (main.main:109) JSON is empty.
[2014/12/03 16:22:20 CST] [DEBG] (main.main:109) JSON is empty.
[2014/12/03 16:22:30 CST] [DEBG] (main.main:109) JSON is empty.
[2014/12/03 16:22:40 CST] [DEBG] (main.main:109) JSON is empty.
[2014/12/03 16:22:50 CST] [DEBG] (main.main:109) JSON is empty.
[2014/12/03 16:23:00 CST] [DEBG] (main.main:109) JSON is empty.
[2014/12/03 16:23:10 CST] [DEBG] (main.main:109) JSON is empty.
[2014/12/03 16:23:20 CST] [DEBG] (main.main:113) JSON: {"from":"100013","to":"15814064815","msg":"\u8fd9\u662f\u6d4b\u8bd5\u55941417594995","time":1417594995,"type":1}
[2014/12/03 16:23:20 CST] [DEBG] (main.(*SmsConf).Send:21) url: from=100013&msg=%E8%BF%99%E6%98%AF%E6%B5%8B%E8%AF%95%E5%96%941417594995&pri=4&to=15814064815
[2014/12/03 16:23:20 CST] [DEBG] (main.(*SmsConf).Send:24) md5: 7bb691faf71443ff2011fe8fa5a3545e
[2014/12/03 16:23:20 CST] [DEBG] (main.(*SmsConf).Send:28) url: http://smsv2ma.boyaa.com/index.php?q=msg/send&from=100013&msg=%E8%BF%99%E6%98%AF%E6%B5%8B%E8%AF%95%E5%96%941417594995&pri=4&to=15814064815&sig=7bb691faf71443ff2011fe8fa5a3545e
[2014/12/03 16:23:20 CST] [DEBG] (main.(*SmsConf).Send:39) HTTP: {"error_code":0}
[2014/12/03 16:23:30 CST] [DEBG] (main.main:109) JSON is empty.
[2014/12/03 16:23:40 CST] [DEBG] (main.main:109) JSON is empty.
[2014/12/03 16:23:50 CST] [DEBG] (main.main:109) JSON is empty.
[2014/12/03 16:24:00 CST] [DEBG] (main.main:109) JSON is empty.
[2014/12/03 16:24:10 CST] [DEBG] (main.main:109) JSON is empty.
[2014/12/03 16:24:20 CST] [DEBG] (main.main:109) JSON is empty.
[2014/12/03 16:24:30 CST] [DEBG] (main.main:109) JSON is empty.
[2014/12/03 16:24:40 CST] [DEBG] (main.main:109) JSON is empty.
[2014/12/03 16:24:50 CST] [DEBG] (main.main:109) JSON is empty.
[2014/12/03 16:25:00 CST] [DEBG] (main.main:109) JSON is empty.
[2014/12/03 16:25:10 CST] [DEBG] (main.main:109) JSON is empty.
[2014/12/03 16:25:20 CST] [DEBG] (main.main:109) JSON is empty.
[2014/12/03 16:25:30 CST] [DEBG] (main.main:109) JSON is empty.
[2014/12/03 16:25:40 CST] [DEBG] (main.main:109) JSON is empty.
[2014/12/03 16:25:50 CST] [DEBG] (main.main:109) JSON is empty.
[2014/12/03 16:26:00 CST] [DEBG] (main.main:109) JSON is empty.
[2014/12/03 16:26:10 CST] [DEBG] (main.main:109) JSON is empty.
[2014/12/03 16:26:20 CST] [DEBG] (main.main:109) JSON is empty.
[2014/12/03 16:26:30 CST] [DEBG] (main.main:109) JSON is empty.
[2014/12/03 16:26:40 CST] [DEBG] (main.main:109) JSON is empty.
[2014/12/03 16:26:50 CST] [DEBG] (main.main:109) JSON is empty.
[2014/12/03 16:27:00 CST] [DEBG] (main.main:109) JSON is empty.
[2014/12/03 16:27:10 CST] [DEBG] (main.main:109) JSON is empty.
[2014/12/03 16:27:20 CST] [DEBG] (main.main:109) JSON is empty.
[2014/12/03 16:27:30 CST] [DEBG] (main.main:109) JSON is empty.
[2014/12/03 16:27:40 CST] [DEBG] (main.main:109) JSON is empty.
[2014/12/03 16:27:50 CST] [DEBG] (main.main:109) JSON is empty.
[2014/12/03 16:28:00 CST] [DEBG] (main.main:109) JSON is empty.
[2014/12/03 16:28:10 CST] [DEBG] (main.main:109) JSON is empty.
[2014/12/03 16:28:20 CST] [DEBG] (main.main:109) JSON is empty.
[2014/12/03 16:28:30 CST] [DEBG] (main.main:109) JSON is empty.
[2014/12/03 16:28:40 CST] [DEBG] (main.main:109) JSON is empty.
[2014/12/03 16:28:50 CST] [DEBG] (main.main:109) JSON is empty.
[2014/12/03 16:29:00 CST] [DEBG] (main.main:109) JSON is empty.
[2014/12/03 16:29:10 CST] [DEBG] (main.main:109) JSON is empty.
[2014/12/03 16:29:20 CST] [DEBG] (main.main:109) JSON is empty.
[2014/12/03 16:29:30 CST] [DEBG] (main.main:109) JSON is empty.
[2014/12/03 16:29:40 CST] [DEBG] (main.main:109) JSON is empty.
[2014/12/03 16:29:50 CST] [DEBG] (main.main:109) JSON is empty.
[2014/12/03 16:30:00 CST] [DEBG] (main.main:109) JSON is empty.
[2014/12/03 16:30:10 CST] [DEBG] (main.main:109) JSON is empty.
[2014/12/03 16:30:20 CST] [DEBG] (main.main:109) JSON is empty.
[2014/12/03 16:30:30 CST] [DEBG] (main.main:109) JSON is empty.
[2014/12/03 16:30:40 CST] [DEBG] (main.main:109) JSON is empty.
[2014/12/03 16:30:50 CST] [DEBG] (main.main:109) JSON is empty.
[2014/12/03 16:31:00 CST] [DEBG] (main.main:109) JSON is empty.
[2014/12/03 16:31:10 CST] [DEBG] (main.main:109) JSON is empty.
[2014/12/03 16:31:20 CST] [DEBG] (main.main:109) JSON is empty.
[2014/12/03 16:31:30 CST] [DEBG] (main.main:113) JSON: {"from":"100013","to":"15814064815","msg":"\u8fd9\u662f\u6d4b\u8bd5\u55941417595486","time":1417595486,"type":1}
[2014/12/03 16:31:30 CST] [DEBG] (main.(*SmsConf).Send:21) url: from=100013&msg=%E8%BF%99%E6%98%AF%E6%B5%8B%E8%AF%95%E5%96%941417595486&pri=4&to=15814064815
[2014/12/03 16:31:30 CST] [DEBG] (main.(*SmsConf).Send:24) md5: abc92bc81f7230c6bcec41624099005f
[2014/12/03 16:31:30 CST] [DEBG] (main.(*SmsConf).Send:28) url: http://smsv2ma.boyaa.com/index.php?q=msg/send&from=100013&msg=%E8%BF%99%E6%98%AF%E6%B5%8B%E8%AF%95%E5%96%941417595486&pri=4&to=15814064815&sig=abc92bc81f7230c6bcec41624099005f
[2014/12/03 16:31:30 CST] [DEBG] (main.(*SmsConf).Send:39) HTTP: {"error_code":0}
[2014/12/03 16:31:40 CST] [DEBG] (main.main:109) JSON is empty.
[2014/12/03 16:31:50 CST] [DEBG] (main.main:109) JSON is empty.
[2014/12/03 16:32:00 CST] [DEBG] (main.main:109) JSON is empty.
[2014/12/03 16:32:10 CST] [DEBG] (main.main:109) JSON is empty.
[2014/12/03 16:32:20 CST] [DEBG] (main.main:109) JSON is empty.
[2014/12/03 16:32:30 CST] [DEBG] (main.main:109) JSON is empty.
[2014/12/03 16:32:40 CST] [DEBG] (main.main:109) JSON is empty.
[2014/12/03 16:32:50 CST] [DEBG] (main.main:109) JSON is empty.
[2014/12/03 16:33:00 CST] [DEBG] (main.main:109) JSON is empty.
[2014/12/03 16:33:10 CST] [DEBG] (main.main:109) JSON is empty.
[2014/12/03 16:33:20 CST] [DEBG] (main.main:109) JSON is empty.
[2014/12/03 16:33:30 CST] [DEBG] (main.main:109) JSON is empty.
[2014/12/03 16:33:40 CST] [DEBG] (main.main:109) JSON is empty.
[2014/12/03 16:33:50 CST] [DEBG] (main.main:109) JSON is empty.
[2014/12/03 16:34:00 CST] [DEBG] (main.main:109) JSON is empty.
[2014/12/03 16:34:10 CST] [DEBG] (main.main:109) JSON is empty.
[2014/12/03 16:34:20 CST] [DEBG] (main.main:109) JSON is empty.
[2014/12/03 16:34:30 CST] [DEBG] (main.main:109) JSON is empty.
[2014/12/03 16:34:40 CST] [DEBG] (main.main:109) JSON is empty.
[2014/12/03 16:34:50 CST] [DEBG] (main.main:109) JSON is empty.
[2014/12/03 16:35:01 CST] [DEBG] (main.main:109) JSON is empty.
[2014/12/03 16:35:11 CST] [DEBG] (main.main:109) JSON is empty.
[2014/12/03 16:35:21 CST] [DEBG] (main.main:109) JSON is empty.
[2014/12/03 16:35:31 CST] [DEBG] (main.main:109) JSON is empty.
[2014/12/03 16:35:41 CST] [DEBG] (main.main:109) JSON is empty.
[2014/12/03 16:35:51 CST] [DEBG] (main.main:109) JSON is empty.
[2014/12/03 16:36:01 CST] [DEBG] (main.main:109) JSON is empty.
[2014/12/03 16:36:11 CST] [DEBG] (main.main:109) JSON is empty.
[2014/12/03 16:36:21 CST] [DEBG] (main.main:109) JSON is empty.
[2014/12/03 16:36:31 CST] [DEBG] (main.main:109) JSON is empty.
[2014/12/03 16:36:41 CST] [DEBG] (main.main:109) JSON is empty.
[2014/12/03 16:36:51 CST] [DEBG] (main.main:109) JSON is empty.
[2014/12/03 16:37:01 CST] [DEBG] (main.main:109) JSON is empty.
[2014/12/03 16:37:11 CST] [DEBG] (main.main:109) JSON is empty.
[2014/12/03 16:37:21 CST] [DEBG] (main.main:113) JSON: {"from":"100013","to":"15814064815","msg":"\u8fd9\u662f\u6d4b\u8bd5\u55941417595837","time":1417595837,"type":1}
[2014/12/03 16:37:21 CST] [DEBG] (main.(*SmsConf).Send:21) url: from=100013&msg=%E8%BF%99%E6%98%AF%E6%B5%8B%E8%AF%95%E5%96%941417595837&pri=4&to=15814064815
[2014/12/03 16:37:21 CST] [DEBG] (main.(*SmsConf).Send:24) md5: d1a508568c02a61b8de2dc27938f2572
[2014/12/03 16:37:21 CST] [DEBG] (main.(*SmsConf).Send:28) url: http://smsv2ma.boyaa.com/index.php?q=msg/send&from=100013&msg=%E8%BF%99%E6%98%AF%E6%B5%8B%E8%AF%95%E5%96%941417595837&pri=4&to=15814064815&sig=d1a508568c02a61b8de2dc27938f2572
[2014/12/03 16:37:21 CST] [DEBG] (main.(*SmsConf).Send:39) HTTP: {"error_code":0}
[2014/12/03 16:37:31 CST] [DEBG] (main.main:109) JSON is empty.
[2014/12/03 16:37:41 CST] [DEBG] (main.main:109) JSON is empty.
[2014/12/03 16:37:51 CST] [DEBG] (main.main:109) JSON is empty.
[2014/12/03 16:38:01 CST] [DEBG] (main.main:109) JSON is empty.
[2014/12/03 16:38:11 CST] [DEBG] (main.main:109) JSON is empty.
[2014/12/03 16:38:21 CST] [DEBG] (main.main:109) JSON is empty.
[2014/12/03 16:38:31 CST] [DEBG] (main.main:109) JSON is empty.
[2014/12/03 16:38:41 CST] [DEBG] (main.main:109) JSON is empty.
[2014/12/03 16:38:51 CST] [DEBG] (main.main:109) JSON is empty.
[2014/12/03 16:39:01 CST] [DEBG] (main.main:109) JSON is empty.
[2014/12/03 16:39:11 CST] [DEBG] (main.main:109) JSON is empty.
[2014/12/03 16:39:21 CST] [DEBG] (main.main:109) JSON is empty.
[2014/12/03 16:39:31 CST] [DEBG] (main.main:109) JSON is empty.
[2014/12/03 16:39:41 CST] [DEBG] (main.main:109) JSON is empty.
[2014/12/03 16:39:51 CST] [DEBG] (main.main:109) JSON is empty.
[2014/12/03 16:40:01 CST] [DEBG] (main.main:109) JSON is empty.
[2014/12/03 16:40:11 CST] [DEBG] (main.main:109) JSON is empty.
[2014/12/03 16:40:21 CST] [DEBG] (main.main:109) JSON is empty.
[2014/12/03 16:40:31 CST] [DEBG] (main.main:109) JSON is empty.
[2014/12/03 16:40:41 CST] [DEBG] (main.main:109) JSON is empty.
[2014/12/03 16:40:51 CST] [DEBG] (main.main:109) JSON is empty.
[2014/12/03 16:41:01 CST] [DEBG] (main.main:109) JSON is empty.
[2014/12/03 16:41:11 CST] [DEBG] (main.main:109) JSON is empty.
[2014/12/03 16:41:21 CST] [DEBG] (main.main:109) JSON is empty.
[2014/12/03 16:41:31 CST] [DEBG] (main.main:109) JSON is empty.
[2014/12/03 16:41:41 CST] [DEBG] (main.main:109) JSON is empty.
[2014/12/03 16:41:51 CST] [DEBG] (main.main:109) JSON is empty.
[2014/12/03 16:42:01 CST] [DEBG] (main.main:109) JSON is empty.
[2014/12/03 16:42:11 CST] [DEBG] (main.main:109) JSON is empty.
[2014/12/03 16:42:21 CST] [DEBG] (main.main:109) JSON is empty.
[2014/12/03 16:42:31 CST] [DEBG] (main.main:109) JSON is empty.
[2014/12/03 16:42:41 CST] [DEBG] (main.main:109) JSON is empty.
[2014/12/03 16:42:51 CST] [DEBG] (main.main:109) JSON is empty.
[2014/12/03 16:43:01 CST] [DEBG] (main.main:109) JSON is empty.
[2014/12/03 16:43:11 CST] [DEBG] (main.main:109) JSON is empty.
[2014/12/03 16:43:21 CST] [DEBG] (main.main:109) JSON is empty.
[2014/12/03 16:43:31 CST] [DEBG] (main.main:109) JSON is empty.
[2014/12/03 16:43:41 CST] [DEBG] (main.main:109) JSON is empty.
[2014/12/03 16:43:51 CST] [DEBG] (main.main:109) JSON is empty.
[2014/12/03 16:44:01 CST] [DEBG] (main.main:109) JSON is empty.
[2014/12/03 16:44:11 CST] [DEBG] (main.main:109) JSON is empty.
[2014/12/03 16:44:21 CST] [DEBG] (main.main:109) JSON is empty.
[2014/12/03 16:44:31 CST] [DEBG] (main.main:109) JSON is empty.
[2014/12/03 16:44:41 CST] [DEBG] (main.main:109) JSON is empty.
[2014/12/03 16:44:51 CST] [DEBG] (main.main:109) JSON is empty.
[2014/12/03 16:45:01 CST] [DEBG] (main.main:109) JSON is empty.
[2014/12/03 16:45:11 CST] [DEBG] (main.main:109) JSON is empty.
[2014/12/03 16:45:21 CST] [DEBG] (main.main:109) JSON is empty.
[2014/12/03 16:45:31 CST] [DEBG] (main.main:109) JSON is empty.
[2014/12/03 16:45:41 CST] [DEBG] (main.main:109) JSON is empty.
[2014/12/03 16:45:51 CST] [DEBG] (main.main:109) JSON is empty.
[2014/12/03 16:46:01 CST] [DEBG] (main.main:109) JSON is empty.
[2014/12/03 16:46:11 CST] [DEBG] (main.main:109) JSON is empty.
[2014/12/03 16:46:21 CST] [DEBG] (main.main:109) JSON is empty.
[2014/12/03 16:46:31 CST] [DEBG] (main.main:109) JSON is empty.
[2014/12/03 16:46:41 CST] [DEBG] (main.main:109) JSON is empty.
[2014/12/03 16:46:51 CST] [DEBG] (main.main:109) JSON is empty.
[2014/12/03 16:47:01 CST] [DEBG] (main.main:109) JSON is empty.
[2014/12/03 16:47:11 CST] [DEBG] (main.main:109) JSON is empty.
[2014/12/03 16:47:21 CST] [DEBG] (main.main:109) JSON is empty.
[2014/12/03 16:47:31 CST] [DEBG] (main.main:109) JSON is empty.
[2014/12/03 16:47:41 CST] [DEBG] (main.main:109) JSON is empty.
[2014/12/03 16:47:51 CST] [DEBG] (main.main:109) JSON is empty.
[2014/12/03 16:48:01 CST] [DEBG] (main.main:109) JSON is empty.
[2014/12/03 16:48:11 CST] [DEBG] (main.main:109) JSON is empty.
[2014/12/03 16:48:21 CST] [DEBG] (main.main:109) JSON is empty.
[2014/12/03 16:48:31 CST] [DEBG] (main.main:109) JSON is empty.
[2014/12/03 16:48:41 CST] [DEBG] (main.main:109) JSON is empty.
[2014/12/03 16:48:51 CST] [DEBG] (main.main:109) JSON is empty.
[2014/12/03 16:49:01 CST] [DEBG] (main.main:109) JSON is empty.
[2014/12/03 16:49:11 CST] [DEBG] (main.main:109) JSON is empty.
[2014/12/03 16:49:21 CST] [DEBG] (main.main:109) JSON is empty.
[2014/12/03 16:49:31 CST] [DEBG] (main.main:109) JSON is empty.
[2014/12/03 16:49:41 CST] [DEBG] (main.main:109) JSON is empty.
[2014/12/03 16:49:51 CST] [DEBG] (main.main:109) JSON is empty.
[2014/12/03 16:50:01 CST] [DEBG] (main.main:109) JSON is empty.
[2014/12/03 16:50:11 CST] [DEBG] (main.main:109) JSON is empty.
[2014/12/03 16:50:21 CST] [DEBG] (main.main:109) JSON is empty.
[2014/12/03 16:50:31 CST] [DEBG] (main.main:109) JSON is empty.
[2014/12/03 16:50:41 CST] [DEBG] (main.main:109) JSON is empty.
[2014/12/03 16:50:51 CST] [DEBG] (main.main:109) JSON is empty.
[2014/12/03 16:51:01 CST] [DEBG] (main.main:109) JSON is empty.
[2014/12/03 16:51:11 CST] [DEBG] (main.main:109) JSON is empty.
[2014/12/03 16:51:21 CST] [DEBG] (main.main:109) JSON is empty.
[2014/12/03 16:51:31 CST] [DEBG] (main.main:109) JSON is empty.
[2014/12/03 16:51:41 CST] [DEBG] (main.main:109) JSON is empty.
[2014/12/03 16:51:51 CST] [DEBG] (main.main:109) JSON is empty.
[2014/12/03 16:52:01 CST] [DEBG] (main.main:109) JSON is empty.
[2014/12/03 16:52:11 CST] [DEBG] (main.main:109) JSON is empty.
[2014/12/03 16:52:21 CST] [DEBG] (main.main:109) JSON is empty.
[2014/12/03 16:52:31 CST] [DEBG] (main.main:109) JSON is empty.
[2014/12/03 16:52:41 CST] [DEBG] (main.main:109) JSON is empty.
[2014/12/03 16:52:51 CST] [DEBG] (main.main:109) JSON is empty.
[2014/12/03 16:53:01 CST] [DEBG] (main.main:109) JSON is empty.
[2014/12/03 16:53:11 CST] [DEBG] (main.main:109) JSON is empty.
[2014/12/03 16:53:21 CST] [DEBG] (main.main:109) JSON is empty.
[2014/12/03 16:53:31 CST] [DEBG] (main.main:109) JSON is empty.
[2014/12/03 16:53:41 CST] [DEBG] (main.main:109) JSON is empty.
[2014/12/03 16:53:51 CST] [DEBG] (main.main:109) JSON is empty.
[2014/12/03 16:54:01 CST] [DEBG] (main.main:109) JSON is empty.
[2014/12/03 16:54:11 CST] [DEBG] (main.main:109) JSON is empty.
[2014/12/03 16:54:21 CST] [DEBG] (main.main:109) JSON is empty.
[2014/12/03 16:54:31 CST] [DEBG] (main.main:109) JSON is empty.
[2014/12/03 16:54:41 CST] [DEBG] (main.main:109) JSON is empty.
[2014/12/03 16:54:51 CST] [DEBG] (main.main:109) JSON is empty.
[2014/12/03 16:55:01 CST] [DEBG] (main.main:109) JSON is empty.
[2014/12/03 16:55:11 CST] [DEBG] (main.main:109) JSON is empty.
[2014/12/03 16:55:21 CST] [DEBG] (main.main:109) JSON is empty.
[2014/12/03 16:55:31 CST] [DEBG] (main.main:109) JSON is empty.
[2014/12/03 16:55:41 CST] [DEBG] (main.main:109) JSON is empty.
[2014/12/03 16:55:51 CST] [DEBG] (main.main:109) JSON is empty.
[2014/12/03 16:56:01 CST] [DEBG] (main.main:109) JSON is empty.
[2014/12/03 16:56:11 CST] [DEBG] (main.main:109) JSON is empty.
[2014/12/03 16:56:21 CST] [DEBG] (main.main:109) JSON is empty.
[2014/12/03 16:56:31 CST] [DEBG] (main.main:109) JSON is empty.
[2014/12/03 16:56:41 CST] [DEBG] (main.main:109) JSON is empty.
[2014/12/03 16:56:51 CST] [DEBG] (main.main:109) JSON is empty.
[2014/12/03 16:57:01 CST] [DEBG] (main.main:109) JSON is empty.
[2014/12/03 16:57:11 CST] [DEBG] (main.main:109) JSON is empty.
[2014/12/03 16:57:21 CST] [DEBG] (main.main:109) JSON is empty.
[2014/12/03 16:57:31 CST] [DEBG] (main.main:109) JSON is empty.
[2014/12/03 16:57:41 CST] [DEBG] (main.main:109) JSON is empty.
[2014/12/03 16:57:51 CST] [DEBG] (main.main:109) JSON is empty.
[2014/12/03 16:58:01 CST] [DEBG] (main.main:109) JSON is empty.
[2014/12/03 16:58:11 CST] [DEBG] (main.main:109) JSON is empty.
[2014/12/03 16:58:21 CST] [DEBG] (main.main:109) JSON is empty.
[2014/12/03 16:58:31 CST] [DEBG] (main.main:109) JSON is empty.
[2014/12/03 16:58:41 CST] [DEBG] (main.main:109) JSON is empty.
[2014/12/03 16:58:51 CST] [DEBG] (main.main:109) JSON is empty.
[2014/12/03 16:59:01 CST] [DEBG] (main.main:109) JSON is empty.
[2014/12/03 16:59:11 CST] [DEBG] (main.main:109) JSON is empty.
[2014/12/03 16:59:21 CST] [DEBG] (main.main:109) JSON is empty.
[2014/12/03 16:59:31 CST] [DEBG] (main.main:109) JSON is empty.
[2014/12/03 16:59:41 CST] [DEBG] (main.main:109) JSON is empty.
[2014/12/03 16:59:51 CST] [DEBG] (main.main:109) JSON is empty.
[2014/12/03 17:00:01 CST] [DEBG] (main.main:109) JSON is empty.
[2014/12/03 17:00:11 CST] [DEBG] (main.main:109) JSON is empty.
[2014/12/03 17:00:21 CST] [DEBG] (main.main:109) JSON is empty.
[2014/12/03 17:00:31 CST] [DEBG] (main.main:109) JSON is empty.
[2014/12/03 17:00:41 CST] [DEBG] (main.main:109) JSON is empty.
[2014/12/03 17:00:51 CST] [DEBG] (main.main:109) JSON is empty.
[2014/12/03 17:01:01 CST] [DEBG] (main.main:109) JSON is empty.
[2014/12/03 17:01:11 CST] [DEBG] (main.main:109) JSON is empty.
[2014/12/03 17:01:21 CST] [DEBG] (main.main:109) JSON is empty.
[2014/12/03 17:01:31 CST] [DEBG] (main.main:109) JSON is empty.
[2014/12/03 17:01:41 CST] [DEBG] (main.main:109) JSON is empty.
[2014/12/03 17:01:51 CST] [DEBG] (main.main:109) JSON is empty.
[2014/12/03 17:02:01 CST] [DEBG] (main.main:109) JSON is empty.
[2014/12/03 17:02:11 CST] [DEBG] (main.main:109) JSON is empty.
[2014/12/03 17:02:21 CST] [DEBG] (main.main:109) JSON is empty.
[2014/12/03 17:02:31 CST] [DEBG] (main.main:109) JSON is empty.
[2014/12/03 17:02:41 CST] [DEBG] (main.main:109) JSON is empty.
[2014/12/03 17:02:51 CST] [DEBG] (main.main:109) JSON is empty.
[2014/12/03 17:03:01 CST] [DEBG] (main.main:109) JSON is empty.
[2014/12/03 17:03:11 CST] [DEBG] (main.main:109) JSON is empty.
[2014/12/03 17:03:21 CST] [DEBG] (main.main:109) JSON is empty.
[2014/12/03 17:03:31 CST] [DEBG] (main.main:109) JSON is empty.
[2014/12/03 17:03:41 CST] [DEBG] (main.main:109) JSON is empty.
[2014/12/03 17:03:51 CST] [DEBG] (main.main:109) JSON is empty.
[2014/12/03 17:04:01 CST] [DEBG] (main.main:109) JSON is empty.
[2014/12/03 17:04:11 CST] [DEBG] (main.main:109) JSON is empty.
[2014/12/03 17:04:21 CST] [DEBG] (main.main:109) JSON is empty.
[2014/12/03 17:04:31 CST] [DEBG] (main.main:109) JSON is empty.
[2014/12/03 17:04:41 CST] [DEBG] (main.main:109) JSON is empty.
[2014/12/03 17:04:51 CST] [DEBG] (main.main:109) JSON is empty.
[2014/12/03 17:05:01 CST] [DEBG] (main.main:109) JSON is empty.
[2014/12/03 17:05:11 CST] [DEBG] (main.main:109) JSON is empty.
[2014/12/03 17:05:21 CST] [DEBG] (main.main:109) JSON is empty.
[2014/12/03 17:05:31 CST] [DEBG] (main.main:109) JSON is empty.
[2014/12/03 17:05:41 CST] [DEBG] (main.main:109) JSON is empty.
[2014/12/03 17:05:51 CST] [DEBG] (main.main:109) JSON is empty.
[2014/12/03 17:06:01 CST] [DEBG] (main.main:109) JSON is empty.
[2014/12/03 17:06:11 CST] [DEBG] (main.main:109) JSON is empty.
[2014/12/03 17:06:21 CST] [DEBG] (main.main:109) JSON is empty.
[2014/12/03 17:06:31 CST] [DEBG] (main.main:109) JSON is empty.
[2014/12/03 17:06:41 CST] [DEBG] (main.main:109) JSON is empty.
[2014/12/03 17:06:51 CST] [DEBG] (main.main:109) JSON is empty.
[2014/12/03 17:07:01 CST] [DEBG] (main.main:109) JSON is empty.
[2014/12/03 17:07:11 CST] [DEBG] (main.main:109) JSON is empty.
[2014/12/03 17:07:21 CST] [DEBG] (main.main:109) JSON is empty.
[2014/12/03 17:07:31 CST] [DEBG] (main.main:109) JSON is empty.
[2014/12/03 17:07:41 CST] [DEBG] (main.main:109) JSON is empty.
[2014/12/03 17:07:51 CST] [DEBG] (main.main:109) JSON is empty.
[2014/12/03 17:08:01 CST] [DEBG] (main.main:109) JSON is empty.
[2014/12/03 17:08:11 CST] [DEBG] (main.main:109) JSON is empty.
[2014/12/03 17:08:21 CST] [DEBG] (main.main:109) JSON is empty.
[2014/12/03 17:08:31 CST] [DEBG] (main.main:109) JSON is empty.
[2014/12/03 17:08:41 CST] [DEBG] (main.main:109) JSON is empty.
[2014/12/03 17:08:51 CST] [DEBG] (main.main:109) JSON is empty.
[2014/12/03 17:09:01 CST] [DEBG] (main.main:109) JSON is empty.
[2014/12/03 17:09:11 CST] [DEBG] (main.main:109) JSON is empty.
[2014/12/03 17:09:21 CST] [DEBG] (main.main:109) JSON is empty.
[2014/12/03 17:09:31 CST] [DEBG] (main.main:109) JSON is empty.
[2014/12/03 17:09:41 CST] [DEBG] (main.main:109) JSON is empty.
[2014/12/03 17:09:51 CST] [DEBG] (main.main:109) JSON is empty.
[2014/12/03 17:10:01 CST] [DEBG] (main.main:109) JSON is empty.
[2014/12/03 17:10:11 CST] [DEBG] (main.main:109) JSON is empty.
[2014/12/03 17:10:21 CST] [DEBG] (main.main:109) JSON is empty.
[2014/12/03 17:10:31 CST] [DEBG] (main.main:109) JSON is empty.
[2014/12/03 17:10:41 CST] [DEBG] (main.main:109) JSON is empty.
[2014/12/03 17:10:51 CST] [DEBG] (main.main:109) JSON is empty.
[2014/12/03 17:11:01 CST] [DEBG] (main.main:109) JSON is empty.
[2014/12/03 17:11:11 CST] [DEBG] (main.main:109) JSON is empty.
[2014/12/03 17:11:21 CST] [DEBG] (main.main:109) JSON is empty.
[2014/12/03 17:11:31 CST] [DEBG] (main.main:109) JSON is empty.
[2014/12/03 17:11:41 CST] [DEBG] (main.main:109) JSON is empty.
[2014/12/03 17:11:51 CST] [DEBG] (main.main:109) JSON is empty.
[2014/12/03 17:12:01 CST] [DEBG] (main.main:109) JSON is empty.
[2014/12/03 17:12:11 CST] [DEBG] (main.main:109) JSON is empty.
[2014/12/03 17:12:21 CST] [DEBG] (main.main:109) JSON is empty.
[2014/12/03 17:12:31 CST] [DEBG] (main.main:109) JSON is empty.
[2014/12/03 17:12:41 CST] [DEBG] (main.main:109) JSON is empty.
[2014/12/03 17:12:51 CST] [DEBG] (main.main:109) JSON is empty.
[2014/12/03 17:13:01 CST] [DEBG] (main.main:109) JSON is empty.
[2014/12/03 17:13:11 CST] [DEBG] (main.main:109) JSON is empty.
[2014/12/03 17:13:21 CST] [DEBG] (main.main:109) JSON is empty.
[2014/12/03 17:13:31 CST] [DEBG] (main.main:109) JSON is empty.
[2014/12/03 17:13:41 CST] [DEBG] (main.main:109) JSON is empty.
[2014/12/03 17:13:51 CST] [DEBG] (main.main:109) JSON is empty.
[2014/12/03 17:14:01 CST] [DEBG] (main.main:109) JSON is empty.
[2014/12/03 17:14:11 CST] [DEBG] (main.main:109) JSON is empty.
[2014/12/03 17:14:21 CST] [DEBG] (main.main:109) JSON is empty.
[2014/12/03 17:14:31 CST] [DEBG] (main.main:109) JSON is empty.
[2014/12/03 17:14:41 CST] [DEBG] (main.main:109) JSON is empty.
[2014/12/03 17:14:51 CST] [DEBG] (main.main:109) JSON is empty.
[2014/12/03 17:15:01 CST] [DEBG] (main.main:109) JSON is empty.
[2014/12/03 17:15:11 CST] [DEBG] (main.main:109) JSON is empty.
[2014/12/03 17:15:21 CST] [DEBG] (main.main:109) JSON is empty.
[2014/12/03 17:15:31 CST] [DEBG] (main.main:109) JSON is empty.
[2014/12/03 17:15:41 CST] [DEBG] (main.main:109) JSON is empty.
[2014/12/03 17:15:51 CST] [DEBG] (main.main:109) JSON is empty.
[2014/12/03 17:16:01 CST] [DEBG] (main.main:109) JSON is empty.
[2014/12/03 17:16:11 CST] [DEBG] (main.main:109) JSON is empty.
[2014/12/03 17:16:21 CST] [DEBG] (main.main:109) JSON is empty.
[2014/12/03 17:16:31 CST] [DEBG] (main.main:109) JSON is empty.
[2014/12/03 17:16:41 CST] [DEBG] (main.main:109) JSON is empty.
[2014/12/03 17:16:51 CST] [DEBG] (main.main:109) JSON is empty.
[2014/12/03 17:17:01 CST] [DEBG] (main.main:109) JSON is empty.
[2014/12/03 17:17:11 CST] [DEBG] (main.main:109) JSON is empty.
[2014/12/03 17:17:21 CST] [DEBG] (main.main:109) JSON is empty.
[2014/12/03 17:17:31 CST] [DEBG] (main.main:109) JSON is empty.
[2014/12/03 17:17:41 CST] [DEBG] (main.main:109) JSON is empty.
[2014/12/03 17:17:51 CST] [DEBG] (main.main:109) JSON is empty.
[2014/12/03 17:18:01 CST] [DEBG] (main.main:109) JSON is empty.
[2014/12/03 17:18:11 CST] [DEBG] (main.main:109) JSON is empty.
[2014/12/03 17:18:21 CST] [DEBG] (main.main:109) JSON is empty.
[2014/12/03 17:18:31 CST] [DEBG] (main.main:109) JSON is empty.
[2014/12/03 17:18:41 CST] [DEBG] (main.main:109) JSON is empty.
[2014/12/03 17:18:51 CST] [DEBG] (main.main:109) JSON is empty.
[2014/12/03 17:19:01 CST] [DEBG] (main.main:109) JSON is empty.
[2014/12/03 17:19:11 CST] [DEBG] (main.main:109) JSON is empty.
[2014/12/03 17:19:21 CST] [DEBG] (main.main:109) JSON is empty.
[2014/12/03 17:19:31 CST] [DEBG] (main.main:109) JSON is empty.
[2014/12/03 17:19:41 CST] [DEBG] (main.main:109) JSON is empty.
[2014/12/03 17:19:51 CST] [DEBG] (main.main:109) JSON is empty.
[2014/12/03 17:20:01 CST] [DEBG] (main.main:109) JSON is empty.
[2014/12/03 17:20:11 CST] [DEBG] (main.main:109) JSON is empty.
[2014/12/03 17:20:21 CST] [DEBG] (main.main:109) JSON is empty.
[2014/12/03 17:20:31 CST] [DEBG] (main.main:109) JSON is empty.
[2014/12/03 17:20:41 CST] [DEBG] (main.main:109) JSON is empty.
[2014/12/03 17:20:51 CST] [DEBG] (main.main:109) JSON is empty.
[2014/12/03 17:21:01 CST] [DEBG] (main.main:109) JSON is empty.
[2014/12/03 17:21:11 CST] [DEBG] (main.main:109) JSON is empty.
[2014/12/03 17:21:21 CST] [DEBG] (main.main:109) JSON is empty.
[2014/12/03 17:21:31 CST] [DEBG] (main.main:109) JSON is empty.
[2014/12/03 17:21:41 CST] [DEBG] (main.main:109) JSON is empty.
[2014/12/03 17:21:51 CST] [DEBG] (main.main:109) JSON is empty.
[2014/12/03 17:22:01 CST] [DEBG] (main.main:109) JSON is empty.
[2014/12/03 17:22:11 CST] [DEBG] (main.main:109) JSON is empty.
[2014/12/03 17:22:21 CST] [DEBG] (main.main:113) JSON: {"from":"100013","to":"15814064815","msg":"2014-12-03-17:22:17+tE_ERROR-Call-to-undefined-function-dd()-in-\/data\/wwwroot\/paycenter_inter\/webapp\/pay.boyaa.com\/web\/create_order_test.php-line-38 http:\/\/pay_test.oa.com\/create_order_test.php?id=14888&sitemid=100000005","time":1417598537,"type":1}
[2014/12/03 17:22:21 CST] [DEBG] (main.(*SmsConf).Send:21) url: from=100013&msg=2014-12-03-17%3A22%3A17%2BtE_ERROR-Call-to-undefined-function-dd%28%29-in-%2Fdata%2Fwwwroot%2Fpaycenter_inter%2Fwebapp%2Fpay.boyaa.com%2Fweb%2Fcreate_order_test.php-line-38+http%3A%2F%2Fpay_test.oa.com%2Fcreate_order_test.php%3Fid%3D14888%26sitemid%3D100000005&pri=4&to=15814064815
[2014/12/03 17:22:21 CST] [DEBG] (main.(*SmsConf).Send:24) md5: a3d92438c9e9f75f4c0ed391ccec560f
[2014/12/03 17:22:21 CST] [DEBG] (main.(*SmsConf).Send:28) url: http://smsv2ma.boyaa.com/index.php?q=msg/send&from=100013&msg=2014-12-03-17%3A22%3A17%2BtE_ERROR-Call-to-undefined-function-dd%28%29-in-%2Fdata%2Fwwwroot%2Fpaycenter_inter%2Fwebapp%2Fpay.boyaa.com%2Fweb%2Fcreate_order_test.php-line-38+http%3A%2F%2Fpay_test.oa.com%2Fcreate_order_test.php%3Fid%3D14888%26sitemid%3D100000005&pri=4&to=15814064815&sig=a3d92438c9e9f75f4c0ed391ccec560f
[2014/12/03 17:22:21 CST] [DEBG] (main.(*SmsConf).Send:39) HTTP: {"basestring":"from=100013&msg=2014-12-03-17%3A22%3A17%2BtE_ERROR-Call-to-undefined-function-dd%28%29-in-%2Fdata%2Fwwwroot%2Fpaycenter_inter%2Fwebapp%2Fpay.boyaa.com%2Fweb%2Fcreate_order_test.php-line-38%20http%3A%2F%2Fpay_test.oa.com%2Fcreate_order_test.php%3Fid%3D14888%26sitemid%3D100000005&pri=4&to=15814064815","abc":"604bf9b6c04ac7646cdb4a0ab019e254","error_code":1003,"error_msg":"\u9a8c\u8bc1\u5931\u8d25"}
[2014/12/03 17:22:31 CST] [DEBG] (main.main:109) JSON is empty.
[2014/12/03 17:22:41 CST] [DEBG] (main.main:109) JSON is empty.
[2014/12/03 17:22:51 CST] [DEBG] (main.main:109) JSON is empty.
[2014/12/03 17:23:01 CST] [DEBG] (main.main:109) JSON is empty.
[2014/12/03 17:23:11 CST] [DEBG] (main.main:109) JSON is empty.
[2014/12/03 17:23:21 CST] [DEBG] (main.main:109) JSON is empty.
[2014/12/03 17:23:31 CST] [DEBG] (main.main:109) JSON is empty.
[2014/12/03 17:23:41 CST] [DEBG] (main.main:109) JSON is empty.
[2014/12/03 17:23:51 CST] [DEBG] (main.main:109) JSON is empty.
[2014/12/03 17:24:01 CST] [DEBG] (main.main:109) JSON is empty.
[2014/12/03 17:24:11 CST] [DEBG] (main.main:109) JSON is empty.
[2014/12/03 17:24:21 CST] [DEBG] (main.main:109) JSON is empty.
[2014/12/03 17:24:31 CST] [DEBG] (main.main:109) JSON is empty.
[2014/12/03 17:24:41 CST] [DEBG] (main.main:109) JSON is empty.
[2014/12/03 17:24:51 CST] [DEBG] (main.main:109) JSON is empty.
[2014/12/03 17:25:01 CST] [DEBG] (main.main:109) JSON is empty.
[2014/12/03 17:25:11 CST] [DEBG] (main.main:109) JSON is empty.
[2014/12/03 17:25:21 CST] [DEBG] (main.main:109) JSON is empty.
[2014/12/03 17:25:31 CST] [DEBG] (main.main:109) JSON is empty.
[2014/12/03 17:25:41 CST] [DEBG] (main.main:109) JSON is empty.
[2014/12/03 17:25:51 CST] [DEBG] (main.main:109) JSON is empty.
[2014/12/03 17:26:01 CST] [DEBG] (main.main:109) JSON is empty.
[2014/12/03 17:26:11 CST] [DEBG] (main.main:109) JSON is empty.
[2014/12/03 17:26:21 CST] [DEBG] (main.main:109) JSON is empty.
[2014/12/03 17:26:31 CST] [DEBG] (main.main:109) JSON is empty.
[2014/12/03 17:26:41 CST] [DEBG] (main.main:109) JSON is empty.
[2014/12/03 17:26:51 CST] [DEBG] (main.main:109) JSON is empty.
[2014/12/03 17:27:01 CST] [DEBG] (main.main:109) JSON is empty.
[2014/12/03 17:27:11 CST] [DEBG] (main.main:109) JSON is empty.
[2014/12/03 17:27:21 CST] [DEBG] (main.main:109) JSON is empty.
[2014/12/03 17:27:31 CST] [DEBG] (main.main:109) JSON is empty.
[2014/12/03 17:27:41 CST] [DEBG] (main.main:109) JSON is empty.
[2014/12/03 17:27:51 CST] [DEBG] (main.main:109) JSON is empty.
[2014/12/03 17:28:01 CST] [DEBG] (main.main:109) JSON is empty.
[2014/12/03 17:28:11 CST] [DEBG] (main.main:109) JSON is empty.
[2014/12/03 17:28:21 CST] [DEBG] (main.main:109) JSON is empty.
[2014/12/03 17:28:31 CST] [DEBG] (main.main:109) JSON is empty.
[2014/12/03 17:28:41 CST] [DEBG] (main.main:109) JSON is empty.
[2014/12/03 17:28:51 CST] [DEBG] (main.main:109) JSON is empty.
[2014/12/03 17:29:01 CST] [DEBG] (main.main:109) JSON is empty.
[2014/12/03 17:29:11 CST] [DEBG] (main.main:109) JSON is empty.
[2014/12/03 17:29:21 CST] [DEBG] (main.main:109) JSON is empty.
[2014/12/03 17:29:31 CST] [DEBG] (main.main:109) JSON is empty.
[2014/12/03 17:29:41 CST] [DEBG] (main.main:109) JSON is empty.
[2014/12/03 17:29:51 CST] [DEBG] (main.main:109) JSON is empty.
[2014/12/03 17:30:01 CST] [DEBG] (main.main:109) JSON is empty.
[2014/12/03 17:30:11 CST] [DEBG] (main.main:109) JSON is empty.
[2014/12/03 17:30:21 CST] [DEBG] (main.main:109) JSON is empty.
[2014/12/03 17:30:31 CST] [DEBG] (main.main:109) JSON is empty.
[2014/12/03 17:30:41 CST] [DEBG] (main.main:109) JSON is empty.
[2014/12/03 17:30:51 CST] [DEBG] (main.main:109) JSON is empty.
[2014/12/03 17:31:01 CST] [DEBG] (main.main:109) JSON is empty.
[2014/12/03 17:31:11 CST] [DEBG] (main.main:109) JSON is empty.
[2014/12/03 17:31:21 CST] [DEBG] (main.main:109) JSON is empty.
[2014/12/03 17:31:31 CST] [DEBG] (main.main:109) JSON is empty.
[2014/12/03 17:31:41 CST] [DEBG] (main.main:109) JSON is empty.
[2014/12/03 17:31:51 CST] [DEBG] (main.main:109) JSON is empty.
[2014/12/03 17:32:01 CST] [DEBG] (main.main:109) JSON is empty.
[2014/12/03 17:32:11 CST] [DEBG] (main.main:109) JSON is empty.
[2014/12/03 17:32:21 CST] [DEBG] (main.main:109) JSON is empty.
[2014/12/03 17:32:31 CST] [DEBG] (main.main:109) JSON is empty.
[2014/12/03 17:32:41 CST] [DEBG] (main.main:109) JSON is empty.
[2014/12/03 17:32:51 CST] [DEBG] (main.main:109) JSON is empty.
[2014/12/03 17:33:01 CST] [DEBG] (main.main:109) JSON is empty.
[2014/12/03 17:33:11 CST] [DEBG] (main.main:109) JSON is empty.
[2014/12/03 17:33:21 CST] [DEBG] (main.main:109) JSON is empty.
[2014/12/03 17:33:31 CST] [DEBG] (main.main:109) JSON is empty.
[2014/12/03 17:33:41 CST] [DEBG] (main.main:109) JSON is empty.
[2014/12/03 17:33:51 CST] [DEBG] (main.main:109) JSON is empty.
[2014/12/03 17:34:01 CST] [DEBG] (main.main:109) JSON is empty.
[2014/12/03 17:34:11 CST] [DEBG] (main.main:113) JSON: {"from":"100013","to":"15814064815","msg":"mylog  myurl ","time":1417599249,"type":1}
[2014/12/03 17:34:11 CST] [DEBG] (main.(*SmsConf).Send:21) url: from=100013&msg=mylog++myurl+&pri=4&to=15814064815
[2014/12/03 17:34:11 CST] [DEBG] (main.(*SmsConf).Send:24) md5: 3e3ca22afc593e527863bf8435fd9b78
[2014/12/03 17:34:11 CST] [DEBG] (main.(*SmsConf).Send:28) url: http://smsv2ma.boyaa.com/index.php?q=msg/send&from=100013&msg=mylog++myurl+&pri=4&to=15814064815&sig=3e3ca22afc593e527863bf8435fd9b78
[2014/12/03 17:34:11 CST] [DEBG] (main.(*SmsConf).Send:39) HTTP: {"basestring":"from=100013&msg=mylog%20%20myurl%20&pri=4&to=15814064815","abc":"b7e30b7ebfefebe81e068cbbf399de56","error_code":1003,"error_msg":"\u9a8c\u8bc1\u5931\u8d25"}
[2014/12/03 17:34:21 CST] [DEBG] (main.main:109) JSON is empty.
[2014/12/03 17:34:31 CST] [DEBG] (main.main:109) JSON is empty.
[2014/12/03 17:34:41 CST] [DEBG] (main.main:109) JSON is empty.
[2014/12/03 17:34:51 CST] [DEBG] (main.main:109) JSON is empty.
[2014/12/03 17:35:01 CST] [DEBG] (main.main:109) JSON is empty.
[2014/12/03 17:35:11 CST] [DEBG] (main.main:109) JSON is empty.
[2014/12/03 17:35:21 CST] [DEBG] (main.main:109) JSON is empty.
[2014/12/03 17:35:31 CST] [DEBG] (main.main:109) JSON is empty.
[2014/12/03 17:35:41 CST] [DEBG] (main.main:109) JSON is empty.
[2014/12/03 17:35:51 CST] [DEBG] (main.main:109) JSON is empty.
[2014/12/03 17:36:01 CST] [DEBG] (main.main:109) JSON is empty.
[2014/12/03 17:36:11 CST] [DEBG] (main.main:109) JSON is empty.
[2014/12/03 17:36:21 CST] [DEBG] (main.main:109) JSON is empty.
[2014/12/03 17:36:31 CST] [DEBG] (main.main:109) JSON is empty.
[2014/12/03 17:36:41 CST] [DEBG] (main.main:109) JSON is empty.
[2014/12/03 17:36:51 CST] [DEBG] (main.main:109) JSON is empty.
[2014/12/03 17:37:01 CST] [DEBG] (main.main:109) JSON is empty.
[2014/12/03 17:37:11 CST] [DEBG] (main.main:109) JSON is empty.
[2014/12/03 17:37:21 CST] [DEBG] (main.main:109) JSON is empty.
[2014/12/03 17:37:31 CST] [DEBG] (main.main:109) JSON is empty.
[2014/12/03 17:37:41 CST] [DEBG] (main.main:109) JSON is empty.
[2014/12/03 17:37:51 CST] [DEBG] (main.main:109) JSON is empty.
[2014/12/03 17:38:01 CST] [DEBG] (main.main:109) JSON is empty.
[2014/12/03 17:38:11 CST] [DEBG] (main.main:109) JSON is empty.
[2014/12/03 17:38:21 CST] [DEBG] (main.main:109) JSON is empty.
[2014/12/03 17:38:31 CST] [DEBG] (main.main:109) JSON is empty.
